<?xml version="1.0" encoding="UTF-8"?>
<coverage generated="1554376775">
  <project timestamp="1554376775">
    <file name="/var/www/html/codeigniter/application/controllers/Archive.php">
      <class name="Archive" namespace="global">
        <metrics complexity="4" methods="4" coveredmethods="0" conditionals="0" coveredconditionals="0" statements="19" coveredstatements="0" elements="23" coveredelements="0"/>
      </class>
      <line num="14" type="stmt" count="0"/>
      <line num="15" type="stmt" count="0"/>
      <line num="16" type="stmt" count="0"/>
      <line num="17" type="stmt" count="0"/>
      <line num="18" type="stmt" count="0"/>
      <line num="21" type="stmt" count="0"/>
      <line num="36" type="method" name="__construct" visibility="public" complexity="1" crap="2" count="0"/>
      <line num="37" type="stmt" count="0"/>
      <line num="38" type="stmt" count="0"/>
      <line num="39" type="stmt" count="0"/>
      <line num="40" type="stmt" count="0"/>
      <line num="41" type="method" name="fetchArchive" visibility="public" complexity="1" crap="2" count="0"/>
      <line num="42" type="stmt" count="0"/>
      <line num="43" type="stmt" count="0"/>
      <line num="44" type="stmt" count="0"/>
      <line num="45" type="stmt" count="0"/>
      <line num="48" type="method" name="unarchive" visibility="public" complexity="1" crap="2" count="0"/>
      <line num="49" type="stmt" count="0"/>
      <line num="50" type="stmt" count="0"/>
      <line num="51" type="stmt" count="0"/>
      <line num="52" type="stmt" count="0"/>
      <line num="54" type="method" name="doctrine" visibility="public" complexity="1" crap="2" count="0"/>
      <line num="55" type="stmt" count="0"/>
      <line num="56" type="stmt" count="0"/>
      <line num="57" type="stmt" count="0"/>
      <line num="58" type="stmt" count="0"/>
      <line num="59" type="stmt" count="0"/>
      <line num="60" type="stmt" count="0"/>
      <line num="61" type="stmt" count="0"/>
      <metrics loc="62" ncloc="41" classes="1" methods="4" coveredmethods="0" conditionals="0" coveredconditionals="0" statements="25" coveredstatements="0" elements="29" coveredelements="0"/>
    </file>
    <file name="/var/www/html/codeigniter/application/controllers/DashBoard.php">
      <class name="DashBoard" namespace="global">
        <metrics complexity="10" methods="10" coveredmethods="0" conditionals="0" coveredconditionals="0" statements="58" coveredstatements="0" elements="68" coveredelements="0"/>
      </class>
      <line num="14" type="stmt" count="0"/>
      <line num="15" type="stmt" count="0"/>
      <line num="16" type="stmt" count="0"/>
      <line num="17" type="stmt" count="0"/>
      <line num="18" type="stmt" count="0"/>
      <line num="21" type="stmt" count="0"/>
      <line num="36" type="method" name="__construct" visibility="public" complexity="1" crap="2" count="0"/>
      <line num="37" type="stmt" count="0"/>
      <line num="38" type="stmt" count="0"/>
      <line num="39" type="stmt" count="0"/>
      <line num="40" type="stmt" count="0"/>
      <line num="42" type="method" name="setNotesDialog" visibility="public" complexity="1" crap="2" count="0"/>
      <line num="43" type="stmt" count="0"/>
      <line num="44" type="stmt" count="0"/>
      <line num="45" type="stmt" count="0"/>
      <line num="46" type="stmt" count="0"/>
      <line num="47" type="stmt" count="0"/>
      <line num="48" type="stmt" count="0"/>
      <line num="49" type="stmt" count="0"/>
      <line num="54" type="stmt" count="0"/>
      <line num="55" type="stmt" count="0"/>
      <line num="56" type="method" name="setReminderDialog" visibility="public" complexity="1" crap="2" count="0"/>
      <line num="57" type="stmt" count="0"/>
      <line num="58" type="stmt" count="0"/>
      <line num="59" type="stmt" count="0"/>
      <line num="60" type="stmt" count="0"/>
      <line num="61" type="stmt" count="0"/>
      <line num="62" type="stmt" count="0"/>
      <line num="63" type="stmt" count="0"/>
      <line num="68" type="stmt" count="0"/>
      <line num="69" type="stmt" count="0"/>
      <line num="71" type="method" name="setNotes" visibility="public" complexity="1" crap="2" count="0"/>
      <line num="72" type="stmt" count="0"/>
      <line num="73" type="stmt" count="0"/>
      <line num="74" type="stmt" count="0"/>
      <line num="75" type="stmt" count="0"/>
      <line num="76" type="stmt" count="0"/>
      <line num="77" type="stmt" count="0"/>
      <line num="82" type="stmt" count="0"/>
      <line num="83" type="stmt" count="0"/>
      <line num="88" type="method" name="getNameValue" visibility="public" complexity="1" crap="2" count="0"/>
      <line num="89" type="stmt" count="0"/>
      <line num="90" type="stmt" count="0"/>
      <line num="91" type="stmt" count="0"/>
      <line num="92" type="stmt" count="0"/>
      <line num="94" type="method" name="setReminderNotes" visibility="public" complexity="1" crap="2" count="0"/>
      <line num="95" type="stmt" count="0"/>
      <line num="96" type="stmt" count="0"/>
      <line num="97" type="stmt" count="0"/>
      <line num="98" type="stmt" count="0"/>
      <line num="99" type="stmt" count="0"/>
      <line num="100" type="stmt" count="0"/>
      <line num="104" type="stmt" count="0"/>
      <line num="105" type="stmt" count="0"/>
      <line num="106" type="method" name="getAllNotes" visibility="public" complexity="1" crap="2" count="0"/>
      <line num="107" type="stmt" count="0"/>
      <line num="109" type="stmt" count="0"/>
      <line num="110" type="stmt" count="0"/>
      <line num="111" type="stmt" count="0"/>
      <line num="112" type="method" name="getAllReminderNotes" visibility="public" complexity="1" crap="2" count="0"/>
      <line num="113" type="stmt" count="0"/>
      <line num="115" type="stmt" count="0"/>
      <line num="116" type="stmt" count="0"/>
      <line num="117" type="stmt" count="0"/>
      <line num="118" type="method" name="deleteNote" visibility="public" complexity="1" crap="2" count="0"/>
      <line num="119" type="stmt" count="0"/>
      <line num="121" type="stmt" count="0"/>
      <line num="122" type="stmt" count="0"/>
      <line num="123" type="stmt" count="0"/>
      <line num="124" type="method" name="deleteReminder" visibility="public" complexity="1" crap="2" count="0"/>
      <line num="125" type="stmt" count="0"/>
      <line num="127" type="stmt" count="0"/>
      <line num="128" type="stmt" count="0"/>
      <line num="129" type="stmt" count="0"/>
      <metrics loc="130" ncloc="85" classes="1" methods="10" coveredmethods="0" conditionals="0" coveredconditionals="0" statements="64" coveredstatements="0" elements="74" coveredelements="0"/>
    </file>
    <file name="/var/www/html/codeigniter/application/controllers/ForgotPassword.php">
      <class name="ForgotPassword" namespace="global">
        <metrics complexity="4" methods="4" coveredmethods="0" conditionals="0" coveredconditionals="0" statements="18" coveredstatements="0" elements="22" coveredelements="0"/>
      </class>
      <line num="14" type="stmt" count="0"/>
      <line num="15" type="stmt" count="0"/>
      <line num="16" type="stmt" count="0"/>
      <line num="19" type="stmt" count="0"/>
      <line num="34" type="method" name="__construct" visibility="public" complexity="1" crap="2" count="0"/>
      <line num="35" type="stmt" count="0"/>
      <line num="36" type="stmt" count="0"/>
      <line num="37" type="stmt" count="0"/>
      <line num="38" type="stmt" count="0"/>
      <line num="43" type="method" name="forgotPasswordFunction" visibility="public" complexity="1" crap="2" count="0"/>
      <line num="44" type="stmt" count="0"/>
      <line num="45" type="stmt" count="0"/>
      <line num="47" type="stmt" count="0"/>
      <line num="48" type="stmt" count="0"/>
      <line num="53" type="method" name="resetPasswordFunction" visibility="public" complexity="1" crap="2" count="0"/>
      <line num="54" type="stmt" count="0"/>
      <line num="55" type="stmt" count="0"/>
      <line num="56" type="stmt" count="0"/>
      <line num="57" type="stmt" count="0"/>
      <line num="59" type="stmt" count="0"/>
      <line num="60" type="stmt" count="0"/>
      <line num="66" type="method" name="getEmailId" visibility="public" complexity="1" crap="2" count="0"/>
      <line num="67" type="stmt" count="0"/>
      <line num="68" type="stmt" count="0"/>
      <line num="69" type="stmt" count="0"/>
      <line num="71" type="stmt" count="0"/>
      <metrics loc="73" ncloc="40" classes="1" methods="4" coveredmethods="0" conditionals="0" coveredconditionals="0" statements="22" coveredstatements="0" elements="26" coveredelements="0"/>
    </file>
    <file name="/var/www/html/codeigniter/application/controllers/Hello.php">
      <class name="Hello" namespace="global">
        <metrics complexity="1" methods="1" coveredmethods="0" conditionals="0" coveredconditionals="0" statements="2" coveredstatements="0" elements="3" coveredelements="0"/>
      </class>
      <line num="5" type="method" name="get_hello" visibility="public" complexity="1" crap="2" count="0"/>
      <line num="6" type="stmt" count="0"/>
      <line num="7" type="stmt" count="0"/>
      <metrics loc="10" ncloc="10" classes="1" methods="1" coveredmethods="0" conditionals="0" coveredconditionals="0" statements="2" coveredstatements="0" elements="3" coveredelements="0"/>
    </file>
    <file name="/var/www/html/codeigniter/application/controllers/Label.php">
      <class name="Label" namespace="global">
        <metrics complexity="4" methods="4" coveredmethods="0" conditionals="0" coveredconditionals="0" statements="19" coveredstatements="0" elements="23" coveredelements="0"/>
      </class>
      <line num="15" type="stmt" count="0"/>
      <line num="16" type="stmt" count="0"/>
      <line num="17" type="stmt" count="0"/>
      <line num="18" type="stmt" count="0"/>
      <line num="19" type="stmt" count="0"/>
      <line num="22" type="stmt" count="0"/>
      <line num="37" type="method" name="__construct" visibility="public" complexity="1" crap="2" count="0"/>
      <line num="38" type="stmt" count="0"/>
      <line num="39" type="stmt" count="0"/>
      <line num="40" type="stmt" count="0"/>
      <line num="41" type="stmt" count="0"/>
      <line num="42" type="method" name="addingLabel" visibility="public" complexity="1" crap="2" count="0"/>
      <line num="43" type="stmt" count="0"/>
      <line num="44" type="stmt" count="0"/>
      <line num="45" type="stmt" count="0"/>
      <line num="46" type="stmt" count="0"/>
      <line num="47" type="method" name="fetchingLabel" visibility="public" complexity="1" crap="2" count="0"/>
      <line num="48" type="stmt" count="0"/>
      <line num="49" type="stmt" count="0"/>
      <line num="50" type="stmt" count="0"/>
      <line num="51" type="stmt" count="0"/>
      <line num="53" type="method" name="doctrine" visibility="public" complexity="1" crap="2" count="0"/>
      <line num="54" type="stmt" count="0"/>
      <line num="55" type="stmt" count="0"/>
      <line num="56" type="stmt" count="0"/>
      <line num="57" type="stmt" count="0"/>
      <line num="58" type="stmt" count="0"/>
      <line num="59" type="stmt" count="0"/>
      <line num="60" type="stmt" count="0"/>
      <metrics loc="61" ncloc="40" classes="1" methods="4" coveredmethods="0" conditionals="0" coveredconditionals="0" statements="25" coveredstatements="0" elements="29" coveredelements="0"/>
    </file>
    <file name="/var/www/html/codeigniter/application/controllers/Login.php">
      <class name="Login" namespace="global">
        <metrics complexity="2" methods="2" coveredmethods="0" conditionals="0" coveredconditionals="0" statements="10" coveredstatements="0" elements="12" coveredelements="0"/>
      </class>
      <line num="14" type="stmt" count="0"/>
      <line num="15" type="stmt" count="0"/>
      <line num="16" type="stmt" count="0"/>
      <line num="19" type="stmt" count="0"/>
      <line num="34" type="method" name="__construct" visibility="public" complexity="1" crap="2" count="0"/>
      <line num="35" type="stmt" count="0"/>
      <line num="36" type="stmt" count="0"/>
      <line num="37" type="stmt" count="0"/>
      <line num="38" type="stmt" count="0"/>
      <line num="44" type="method" name="signin" visibility="public" complexity="1" crap="2" count="0"/>
      <line num="45" type="stmt" count="0"/>
      <line num="46" type="stmt" count="0"/>
      <line num="47" type="stmt" count="0"/>
      <line num="51" type="stmt" count="0"/>
      <line num="52" type="stmt" count="0"/>
      <line num="53" type="stmt" count="0"/>
      <metrics loc="55" ncloc="24" classes="1" methods="2" coveredmethods="0" conditionals="0" coveredconditionals="0" statements="14" coveredstatements="0" elements="16" coveredelements="0"/>
    </file>
    <file name="/var/www/html/codeigniter/application/controllers/Logout.php">
      <class name="Logout" namespace="global">
        <metrics complexity="1" methods="1" coveredmethods="0" conditionals="0" coveredconditionals="0" statements="5" coveredstatements="0" elements="6" coveredelements="0"/>
      </class>
      <line num="4" type="stmt" count="0"/>
      <line num="8" type="method" name="logoff" visibility="public" complexity="1" crap="2" count="0"/>
      <line num="9" type="stmt" count="0"/>
      <line num="10" type="stmt" count="0"/>
      <line num="12" type="stmt" count="0"/>
      <line num="14" type="stmt" count="0"/>
      <line num="15" type="stmt" count="0"/>
      <metrics loc="17" ncloc="15" classes="1" methods="1" coveredmethods="0" conditionals="0" coveredconditionals="0" statements="6" coveredstatements="0" elements="7" coveredelements="0"/>
    </file>
    <file name="/var/www/html/codeigniter/application/controllers/MoreOptions.php">
      <class name="MoreOptions" namespace="global">
        <metrics complexity="3" methods="3" coveredmethods="0" conditionals="0" coveredconditionals="0" statements="15" coveredstatements="0" elements="18" coveredelements="0"/>
      </class>
      <line num="14" type="stmt" count="0"/>
      <line num="15" type="stmt" count="0"/>
      <line num="16" type="stmt" count="0"/>
      <line num="17" type="stmt" count="0"/>
      <line num="18" type="stmt" count="0"/>
      <line num="21" type="stmt" count="0"/>
      <line num="36" type="method" name="__construct" visibility="public" complexity="1" crap="2" count="0"/>
      <line num="37" type="stmt" count="0"/>
      <line num="38" type="stmt" count="0"/>
      <line num="39" type="stmt" count="0"/>
      <line num="40" type="stmt" count="0"/>
      <line num="41" type="method" name="coloringBackgroundFunction" visibility="public" complexity="1" crap="2" count="0"/>
      <line num="42" type="stmt" count="0"/>
      <line num="43" type="stmt" count="0"/>
      <line num="44" type="stmt" count="0"/>
      <line num="45" type="stmt" count="0"/>
      <line num="46" type="stmt" count="0"/>
      <line num="47" type="stmt" count="0"/>
      <line num="48" type="method" name="coloringBackgroundForReminder" visibility="public" complexity="1" crap="2" count="0"/>
      <line num="49" type="stmt" count="0"/>
      <line num="50" type="stmt" count="0"/>
      <line num="51" type="stmt" count="0"/>
      <line num="52" type="stmt" count="0"/>
      <line num="53" type="stmt" count="0"/>
      <metrics loc="54" ncloc="33" classes="1" methods="3" coveredmethods="0" conditionals="0" coveredconditionals="0" statements="21" coveredstatements="0" elements="24" coveredelements="0"/>
    </file>
    <file name="/var/www/html/codeigniter/application/controllers/Register.php">
      <class name="Register" namespace="global">
        <metrics complexity="2" methods="2" coveredmethods="0" conditionals="0" coveredconditionals="0" statements="14" coveredstatements="0" elements="16" coveredelements="0"/>
      </class>
      <line num="14" type="stmt" count="0"/>
      <line num="15" type="stmt" count="0"/>
      <line num="16" type="stmt" count="0"/>
      <line num="19" type="stmt" count="0"/>
      <line num="33" type="method" name="__construct" visibility="public" complexity="1" crap="2" count="0"/>
      <line num="34" type="stmt" count="0"/>
      <line num="35" type="stmt" count="0"/>
      <line num="36" type="stmt" count="0"/>
      <line num="37" type="stmt" count="0"/>
      <line num="43" type="method" name="signup" visibility="public" complexity="1" crap="2" count="0"/>
      <line num="44" type="stmt" count="0"/>
      <line num="46" type="stmt" count="0"/>
      <line num="47" type="stmt" count="0"/>
      <line num="48" type="stmt" count="0"/>
      <line num="49" type="stmt" count="0"/>
      <line num="50" type="stmt" count="0"/>
      <line num="51" type="stmt" count="0"/>
      <line num="52" type="stmt" count="0"/>
      <line num="53" type="stmt" count="0"/>
      <line num="54" type="stmt" count="0"/>
      <metrics loc="56" ncloc="31" classes="1" methods="2" coveredmethods="0" conditionals="0" coveredconditionals="0" statements="18" coveredstatements="0" elements="20" coveredelements="0"/>
    </file>
    <file name="/var/www/html/codeigniter/application/controllers/Trash.php">
      <class name="Trash" namespace="global">
        <metrics complexity="4" methods="4" coveredmethods="0" conditionals="0" coveredconditionals="0" statements="20" coveredstatements="0" elements="24" coveredelements="0"/>
      </class>
      <line num="14" type="stmt" count="0"/>
      <line num="15" type="stmt" count="0"/>
      <line num="16" type="stmt" count="0"/>
      <line num="17" type="stmt" count="0"/>
      <line num="18" type="stmt" count="0"/>
      <line num="21" type="stmt" count="0"/>
      <line num="36" type="method" name="__construct" visibility="public" complexity="1" crap="2" count="0"/>
      <line num="37" type="stmt" count="0"/>
      <line num="38" type="stmt" count="0"/>
      <line num="39" type="stmt" count="0"/>
      <line num="40" type="stmt" count="0"/>
      <line num="41" type="method" name="fetchTrash" visibility="public" complexity="1" crap="2" count="0"/>
      <line num="42" type="stmt" count="0"/>
      <line num="43" type="stmt" count="0"/>
      <line num="44" type="stmt" count="0"/>
      <line num="45" type="stmt" count="0"/>
      <line num="48" type="method" name="unTrash" visibility="public" complexity="1" crap="2" count="0"/>
      <line num="49" type="stmt" count="0"/>
      <line num="50" type="stmt" count="0"/>
      <line num="51" type="stmt" count="0"/>
      <line num="52" type="stmt" count="0"/>
      <line num="53" type="stmt" count="0"/>
      <line num="55" type="method" name="doctrine" visibility="public" complexity="1" crap="2" count="0"/>
      <line num="56" type="stmt" count="0"/>
      <line num="57" type="stmt" count="0"/>
      <line num="58" type="stmt" count="0"/>
      <line num="59" type="stmt" count="0"/>
      <line num="60" type="stmt" count="0"/>
      <line num="61" type="stmt" count="0"/>
      <line num="62" type="stmt" count="0"/>
      <metrics loc="63" ncloc="42" classes="1" methods="4" coveredmethods="0" conditionals="0" coveredconditionals="0" statements="26" coveredstatements="0" elements="30" coveredelements="0"/>
    </file>
    <file name="/var/www/html/codeigniter/application/controllers/Welcome.php">
      <class name="Welcome" namespace="global">
        <metrics complexity="4" methods="3" coveredmethods="0" conditionals="0" coveredconditionals="0" statements="22" coveredstatements="0" elements="25" coveredelements="0"/>
      </class>
      <line num="2" type="stmt" count="0"/>
      <line num="21" type="method" name="index" visibility="public" complexity="1" crap="2" count="0"/>
      <line num="22" type="stmt" count="0"/>
      <line num="23" type="stmt" count="0"/>
      <line num="24" type="stmt" count="0"/>
      <line num="36" type="method" name="add" visibility="public" complexity="1" crap="2" count="0"/>
      <line num="37" type="stmt" count="0"/>
      <line num="39" type="stmt" count="0"/>
      <line num="40" type="stmt" count="0"/>
      <line num="41" type="stmt" count="0"/>
      <line num="42" type="stmt" count="0"/>
      <line num="44" type="method" name="fetchdata" visibility="public" complexity="2" crap="6" count="0"/>
      <line num="45" type="stmt" count="0"/>
      <line num="48" type="stmt" count="0"/>
      <line num="49" type="stmt" count="0"/>
      <line num="50" type="stmt" count="0"/>
      <line num="51" type="stmt" count="0"/>
      <line num="52" type="stmt" count="0"/>
      <line num="53" type="stmt" count="0"/>
      <line num="54" type="stmt" count="0"/>
      <line num="55" type="stmt" count="0"/>
      <line num="56" type="stmt" count="0"/>
      <line num="57" type="stmt" count="0"/>
      <line num="58" type="stmt" count="0"/>
      <line num="60" type="stmt" count="0"/>
      <line num="63" type="stmt" count="0"/>
      <metrics loc="67" ncloc="30" classes="1" methods="3" coveredmethods="0" conditionals="0" coveredconditionals="0" statements="23" coveredstatements="0" elements="26" coveredelements="0"/>
    </file>
    <file name="/var/www/html/codeigniter/application/controllers/userarray.php">
      <line num="2" type="stmt" count="0"/>
      <metrics loc="2" ncloc="2" classes="0" methods="0" coveredmethods="0" conditionals="0" coveredconditionals="0" statements="1" coveredstatements="0" elements="1" coveredelements="0"/>
    </file>
    <package name="Restserver\Libraries">
      <file name="/var/www/html/codeigniter/application/libraries/Format.php">
        <class name="Restserver\Libraries\Format" namespace="Restserver\Libraries">
          <metrics complexity="65" methods="14" coveredmethods="0" conditionals="0" coveredconditionals="0" statements="219" coveredstatements="0" elements="233" coveredelements="0"/>
        </class>
        <line num="5" type="stmt" count="0"/>
        <line num="85" type="method" name="__construct" visibility="public" complexity="3" crap="12" count="0"/>
        <line num="86" type="stmt" count="0"/>
        <line num="88" type="stmt" count="0"/>
        <line num="91" type="stmt" count="0"/>
        <line num="94" type="stmt" count="0"/>
        <line num="95" type="stmt" count="0"/>
        <line num="96" type="stmt" count="0"/>
        <line num="97" type="stmt" count="0"/>
        <line num="98" type="stmt" count="0"/>
        <line num="99" type="stmt" count="0"/>
        <line num="100" type="stmt" count="0"/>
        <line num="101" type="stmt" count="0"/>
        <line num="102" type="stmt" count="0"/>
        <line num="103" type="stmt" count="0"/>
        <line num="104" type="stmt" count="0"/>
        <line num="107" type="stmt" count="0"/>
        <line num="108" type="stmt" count="0"/>
        <line num="119" type="method" name="factory" visibility="public" complexity="1" crap="2" count="0"/>
        <line num="120" type="stmt" count="0"/>
        <line num="124" type="stmt" count="0"/>
        <line num="125" type="stmt" count="0"/>
        <line num="136" type="method" name="to_array" visibility="public" complexity="7" crap="56" count="0"/>
        <line num="137" type="stmt" count="0"/>
        <line num="140" type="stmt" count="0"/>
        <line num="141" type="stmt" count="0"/>
        <line num="142" type="stmt" count="0"/>
        <line num="143" type="stmt" count="0"/>
        <line num="146" type="stmt" count="0"/>
        <line num="147" type="stmt" count="0"/>
        <line num="148" type="stmt" count="0"/>
        <line num="149" type="stmt" count="0"/>
        <line num="151" type="stmt" count="0"/>
        <line num="152" type="stmt" count="0"/>
        <line num="153" type="stmt" count="0"/>
        <line num="154" type="stmt" count="0"/>
        <line num="155" type="stmt" count="0"/>
        <line num="156" type="stmt" count="0"/>
        <line num="157" type="stmt" count="0"/>
        <line num="158" type="stmt" count="0"/>
        <line num="159" type="stmt" count="0"/>
        <line num="160" type="stmt" count="0"/>
        <line num="161" type="stmt" count="0"/>
        <line num="162" type="stmt" count="0"/>
        <line num="164" type="stmt" count="0"/>
        <line num="165" type="stmt" count="0"/>
        <line num="176" type="method" name="to_xml" visibility="public" complexity="17" crap="306" count="0"/>
        <line num="177" type="stmt" count="0"/>
        <line num="178" type="stmt" count="0"/>
        <line num="179" type="stmt" count="0"/>
        <line num="180" type="stmt" count="0"/>
        <line num="181" type="stmt" count="0"/>
        <line num="183" type="stmt" count="0"/>
        <line num="184" type="stmt" count="0"/>
        <line num="185" type="stmt" count="0"/>
        <line num="186" type="stmt" count="0"/>
        <line num="189" type="stmt" count="0"/>
        <line num="190" type="stmt" count="0"/>
        <line num="191" type="stmt" count="0"/>
        <line num="192" type="stmt" count="0"/>
        <line num="194" type="stmt" count="0"/>
        <line num="195" type="stmt" count="0"/>
        <line num="198" type="stmt" count="0"/>
        <line num="199" type="stmt" count="0"/>
        <line num="200" type="stmt" count="0"/>
        <line num="201" type="stmt" count="0"/>
        <line num="204" type="stmt" count="0"/>
        <line num="205" type="stmt" count="0"/>
        <line num="207" type="stmt" count="0"/>
        <line num="208" type="stmt" count="0"/>
        <line num="211" type="stmt" count="0"/>
        <line num="213" type="stmt" count="0"/>
        <line num="214" type="stmt" count="0"/>
        <line num="215" type="stmt" count="0"/>
        <line num="216" type="stmt" count="0"/>
        <line num="217" type="stmt" count="0"/>
        <line num="218" type="stmt" count="0"/>
        <line num="219" type="stmt" count="0"/>
        <line num="221" type="stmt" count="0"/>
        <line num="222" type="stmt" count="0"/>
        <line num="223" type="stmt" count="0"/>
        <line num="224" type="stmt" count="0"/>
        <line num="225" type="stmt" count="0"/>
        <line num="227" type="stmt" count="0"/>
        <line num="228" type="stmt" count="0"/>
        <line num="229" type="stmt" count="0"/>
        <line num="232" type="stmt" count="0"/>
        <line num="233" type="stmt" count="0"/>
        <line num="234" type="stmt" count="0"/>
        <line num="235" type="stmt" count="0"/>
        <line num="237" type="stmt" count="0"/>
        <line num="239" type="stmt" count="0"/>
        <line num="240" type="stmt" count="0"/>
        <line num="241" type="stmt" count="0"/>
        <line num="243" type="stmt" count="0"/>
        <line num="244" type="stmt" count="0"/>
        <line num="253" type="method" name="to_html" visibility="public" complexity="7" crap="56" count="0"/>
        <line num="254" type="stmt" count="0"/>
        <line num="257" type="stmt" count="0"/>
        <line num="258" type="stmt" count="0"/>
        <line num="259" type="stmt" count="0"/>
        <line num="260" type="stmt" count="0"/>
        <line num="263" type="stmt" count="0"/>
        <line num="264" type="stmt" count="0"/>
        <line num="265" type="stmt" count="0"/>
        <line num="266" type="stmt" count="0"/>
        <line num="269" type="stmt" count="0"/>
        <line num="270" type="stmt" count="0"/>
        <line num="272" type="stmt" count="0"/>
        <line num="273" type="stmt" count="0"/>
        <line num="274" type="stmt" count="0"/>
        <line num="275" type="stmt" count="0"/>
        <line num="277" type="stmt" count="0"/>
        <line num="278" type="stmt" count="0"/>
        <line num="279" type="stmt" count="0"/>
        <line num="282" type="stmt" count="0"/>
        <line num="284" type="stmt" count="0"/>
        <line num="286" type="stmt" count="0"/>
        <line num="287" type="stmt" count="0"/>
        <line num="290" type="stmt" count="0"/>
        <line num="292" type="stmt" count="0"/>
        <line num="293" type="stmt" count="0"/>
        <line num="295" type="stmt" count="0"/>
        <line num="296" type="stmt" count="0"/>
        <line num="308" type="method" name="to_csv" visibility="public" complexity="11" crap="132" count="0"/>
        <line num="309" type="stmt" count="0"/>
        <line num="311" type="stmt" count="0"/>
        <line num="312" type="stmt" count="0"/>
        <line num="313" type="stmt" count="0"/>
        <line num="314" type="stmt" count="0"/>
        <line num="315" type="stmt" count="0"/>
        <line num="319" type="stmt" count="0"/>
        <line num="320" type="stmt" count="0"/>
        <line num="321" type="stmt" count="0"/>
        <line num="322" type="stmt" count="0"/>
        <line num="325" type="stmt" count="0"/>
        <line num="326" type="stmt" count="0"/>
        <line num="327" type="stmt" count="0"/>
        <line num="328" type="stmt" count="0"/>
        <line num="331" type="stmt" count="0"/>
        <line num="332" type="stmt" count="0"/>
        <line num="333" type="stmt" count="0"/>
        <line num="334" type="stmt" count="0"/>
        <line num="337" type="stmt" count="0"/>
        <line num="338" type="stmt" count="0"/>
        <line num="339" type="stmt" count="0"/>
        <line num="340" type="stmt" count="0"/>
        <line num="343" type="stmt" count="0"/>
        <line num="344" type="stmt" count="0"/>
        <line num="346" type="stmt" count="0"/>
        <line num="347" type="stmt" count="0"/>
        <line num="348" type="stmt" count="0"/>
        <line num="349" type="stmt" count="0"/>
        <line num="351" type="stmt" count="0"/>
        <line num="352" type="stmt" count="0"/>
        <line num="353" type="stmt" count="0"/>
        <line num="356" type="stmt" count="0"/>
        <line num="358" type="stmt" count="0"/>
        <line num="359" type="stmt" count="0"/>
        <line num="362" type="stmt" count="0"/>
        <line num="363" type="stmt" count="0"/>
        <line num="364" type="stmt" count="0"/>
        <line num="365" type="stmt" count="0"/>
        <line num="369" type="stmt" count="0"/>
        <line num="372" type="stmt" count="0"/>
        <line num="373" type="stmt" count="0"/>
        <line num="376" type="stmt" count="0"/>
        <line num="379" type="stmt" count="0"/>
        <line num="382" type="stmt" count="0"/>
        <line num="385" type="stmt" count="0"/>
        <line num="387" type="stmt" count="0"/>
        <line num="388" type="stmt" count="0"/>
        <line num="397" type="method" name="to_json" visibility="public" complexity="5" crap="30" count="0"/>
        <line num="398" type="stmt" count="0"/>
        <line num="401" type="stmt" count="0"/>
        <line num="402" type="stmt" count="0"/>
        <line num="403" type="stmt" count="0"/>
        <line num="404" type="stmt" count="0"/>
        <line num="407" type="stmt" count="0"/>
        <line num="409" type="stmt" count="0"/>
        <line num="410" type="stmt" count="0"/>
        <line num="411" type="stmt" count="0"/>
        <line num="412" type="stmt" count="0"/>
        <line num="415" type="stmt" count="0"/>
        <line num="416" type="stmt" count="0"/>
        <line num="418" type="stmt" count="0"/>
        <line num="419" type="stmt" count="0"/>
        <line num="423" type="stmt" count="0"/>
        <line num="425" type="stmt" count="0"/>
        <line num="426" type="stmt" count="0"/>
        <line num="435" type="method" name="to_serialized" visibility="public" complexity="3" crap="12" count="0"/>
        <line num="436" type="stmt" count="0"/>
        <line num="439" type="stmt" count="0"/>
        <line num="440" type="stmt" count="0"/>
        <line num="441" type="stmt" count="0"/>
        <line num="442" type="stmt" count="0"/>
        <line num="444" type="stmt" count="0"/>
        <line num="445" type="stmt" count="0"/>
        <line num="454" type="method" name="to_php" visibility="public" complexity="3" crap="12" count="0"/>
        <line num="455" type="stmt" count="0"/>
        <line num="458" type="stmt" count="0"/>
        <line num="459" type="stmt" count="0"/>
        <line num="460" type="stmt" count="0"/>
        <line num="461" type="stmt" count="0"/>
        <line num="463" type="stmt" count="0"/>
        <line num="464" type="stmt" count="0"/>
        <line num="472" type="method" name="_from_xml" visibility="protected" complexity="2" crap="6" count="0"/>
        <line num="473" type="stmt" count="0"/>
        <line num="474" type="stmt" count="0"/>
        <line num="475" type="stmt" count="0"/>
        <line num="486" type="method" name="_from_csv" visibility="protected" complexity="3" crap="12" count="0"/>
        <line num="487" type="stmt" count="0"/>
        <line num="489" type="stmt" count="0"/>
        <line num="490" type="stmt" count="0"/>
        <line num="491" type="stmt" count="0"/>
        <line num="492" type="stmt" count="0"/>
        <line num="495" type="stmt" count="0"/>
        <line num="496" type="stmt" count="0"/>
        <line num="497" type="stmt" count="0"/>
        <line num="498" type="stmt" count="0"/>
        <line num="500" type="stmt" count="0"/>
        <line num="501" type="stmt" count="0"/>
        <line num="507" type="method" name="_from_json" visibility="protected" complexity="1" crap="2" count="0"/>
        <line num="508" type="stmt" count="0"/>
        <line num="509" type="stmt" count="0"/>
        <line num="510" type="stmt" count="0"/>
        <line num="516" type="method" name="_from_serialize" visibility="protected" complexity="1" crap="2" count="0"/>
        <line num="517" type="stmt" count="0"/>
        <line num="518" type="stmt" count="0"/>
        <line num="519" type="stmt" count="0"/>
        <line num="525" type="method" name="_from_php" visibility="protected" complexity="1" crap="2" count="0"/>
        <line num="526" type="stmt" count="0"/>
        <line num="527" type="stmt" count="0"/>
        <line num="528" type="stmt" count="0"/>
        <metrics loc="529" ncloc="266" classes="1" methods="14" coveredmethods="0" conditionals="0" coveredconditionals="0" statements="220" coveredstatements="0" elements="234" coveredelements="0"/>
      </file>
      <file name="/var/www/html/codeigniter/application/libraries/REST_Controller.php">
        <class name="Restserver\Libraries\REST_Controller" namespace="Restserver\Libraries" fullPackage="CodeIgniter.Libraries" category="Libraries" package="CodeIgniter" subpackage="Libraries">
          <metrics complexity="286" methods="48" coveredmethods="0" conditionals="0" coveredconditionals="0" statements="1075" coveredstatements="0" elements="1123" coveredelements="0"/>
        </class>
        <line num="6" type="stmt" count="0"/>
        <line num="332" type="method" name="early_checks" visibility="protected" complexity="1" crap="2" count="0"/>
        <line num="333" type="stmt" count="0"/>
        <line num="334" type="stmt" count="0"/>
        <line num="342" type="method" name="__construct" visibility="public" complexity="28" crap="812" count="0"/>
        <line num="343" type="stmt" count="0"/>
        <line num="344" type="stmt" count="0"/>
        <line num="345" type="stmt" count="0"/>
        <line num="347" type="stmt" count="0"/>
        <line num="350" type="stmt" count="0"/>
        <line num="352" type="stmt" count="0"/>
        <line num="353" type="stmt" count="0"/>
        <line num="355" type="stmt" count="0"/>
        <line num="356" type="stmt" count="0"/>
        <line num="358" type="stmt" count="0"/>
        <line num="370" type="stmt" count="0"/>
        <line num="372" type="stmt" count="0"/>
        <line num="373" type="stmt" count="0"/>
        <line num="374" type="stmt" count="0"/>
        <line num="375" type="stmt" count="0"/>
        <line num="376" type="stmt" count="0"/>
        <line num="377" type="stmt" count="0"/>
        <line num="378" type="stmt" count="0"/>
        <line num="379" type="stmt" count="0"/>
        <line num="381" type="stmt" count="0"/>
        <line num="382" type="stmt" count="0"/>
        <line num="383" type="stmt" count="0"/>
        <line num="384" type="stmt" count="0"/>
        <line num="385" type="stmt" count="0"/>
        <line num="387" type="stmt" count="0"/>
        <line num="389" type="stmt" count="0"/>
        <line num="390" type="stmt" count="0"/>
        <line num="391" type="stmt" count="0"/>
        <line num="392" type="stmt" count="0"/>
        <line num="393" type="stmt" count="0"/>
        <line num="395" type="stmt" count="0"/>
        <line num="397" type="stmt" count="0"/>
        <line num="398" type="stmt" count="0"/>
        <line num="399" type="stmt" count="0"/>
        <line num="401" type="stmt" count="0"/>
        <line num="402" type="stmt" count="0"/>
        <line num="403" type="stmt" count="0"/>
        <line num="404" type="stmt" count="0"/>
        <line num="406" type="stmt" count="0"/>
        <line num="408" type="stmt" count="0"/>
        <line num="410" type="stmt" count="0"/>
        <line num="411" type="stmt" count="0"/>
        <line num="412" type="stmt" count="0"/>
        <line num="413" type="stmt" count="0"/>
        <line num="414" type="stmt" count="0"/>
        <line num="416" type="stmt" count="0"/>
        <line num="417" type="stmt" count="0"/>
        <line num="418" type="stmt" count="0"/>
        <line num="419" type="stmt" count="0"/>
        <line num="421" type="stmt" count="0"/>
        <line num="423" type="stmt" count="0"/>
        <line num="425" type="stmt" count="0"/>
        <line num="427" type="stmt" count="0"/>
        <line num="428" type="stmt" count="0"/>
        <line num="430" type="stmt" count="0"/>
        <line num="431" type="stmt" count="0"/>
        <line num="432" type="stmt" count="0"/>
        <line num="433" type="stmt" count="0"/>
        <line num="435" type="stmt" count="0"/>
        <line num="437" type="stmt" count="0"/>
        <line num="439" type="stmt" count="0"/>
        <line num="440" type="stmt" count="0"/>
        <line num="441" type="stmt" count="0"/>
        <line num="444" type="stmt" count="0"/>
        <line num="445" type="stmt" count="0"/>
        <line num="447" type="stmt" count="0"/>
        <line num="449" type="stmt" count="0"/>
        <line num="450" type="stmt" count="0"/>
        <line num="451" type="stmt" count="0"/>
        <line num="452" type="stmt" count="0"/>
        <line num="453" type="stmt" count="0"/>
        <line num="454" type="stmt" count="0"/>
        <line num="455" type="stmt" count="0"/>
        <line num="456" type="stmt" count="0"/>
        <line num="457" type="stmt" count="0"/>
        <line num="458" type="stmt" count="0"/>
        <line num="460" type="stmt" count="0"/>
        <line num="462" type="stmt" count="0"/>
        <line num="463" type="stmt" count="0"/>
        <line num="464" type="stmt" count="0"/>
        <line num="465" type="stmt" count="0"/>
        <line num="467" type="stmt" count="0"/>
        <line num="468" type="stmt" count="0"/>
        <line num="469" type="stmt" count="0"/>
        <line num="470" type="stmt" count="0"/>
        <line num="473" type="stmt" count="0"/>
        <line num="476" type="stmt" count="0"/>
        <line num="477" type="stmt" count="0"/>
        <line num="478" type="stmt" count="0"/>
        <line num="479" type="stmt" count="0"/>
        <line num="481" type="stmt" count="0"/>
        <line num="482" type="stmt" count="0"/>
        <line num="484" type="stmt" count="0"/>
        <line num="485" type="stmt" count="0"/>
        <line num="486" type="stmt" count="0"/>
        <line num="487" type="stmt" count="0"/>
        <line num="488" type="stmt" count="0"/>
        <line num="490" type="stmt" count="0"/>
        <line num="491" type="stmt" count="0"/>
        <line num="492" type="stmt" count="0"/>
        <line num="493" type="stmt" count="0"/>
        <line num="494" type="stmt" count="0"/>
        <line num="495" type="stmt" count="0"/>
        <line num="496" type="stmt" count="0"/>
        <line num="497" type="stmt" count="0"/>
        <line num="498" type="stmt" count="0"/>
        <line num="499" type="stmt" count="0"/>
        <line num="500" type="stmt" count="0"/>
        <line num="501" type="stmt" count="0"/>
        <line num="502" type="stmt" count="0"/>
        <line num="503" type="stmt" count="0"/>
        <line num="504" type="stmt" count="0"/>
        <line num="505" type="stmt" count="0"/>
        <line num="506" type="stmt" count="0"/>
        <line num="507" type="stmt" count="0"/>
        <line num="508" type="stmt" count="0"/>
        <line num="512" type="method" name="get_local_config" visibility="private" complexity="3" crap="12" count="0"/>
        <line num="513" type="stmt" count="0"/>
        <line num="514" type="stmt" count="0"/>
        <line num="515" type="stmt" count="0"/>
        <line num="516" type="stmt" count="0"/>
        <line num="517" type="stmt" count="0"/>
        <line num="518" type="stmt" count="0"/>
        <line num="519" type="stmt" count="0"/>
        <line num="520" type="stmt" count="0"/>
        <line num="521" type="stmt" count="0"/>
        <line num="522" type="stmt" count="0"/>
        <line num="523" type="stmt" count="0"/>
        <line num="524" type="stmt" count="0"/>
        <line num="532" type="method" name="__destruct" visibility="public" complexity="2" crap="6" count="0"/>
        <line num="533" type="stmt" count="0"/>
        <line num="535" type="stmt" count="0"/>
        <line num="536" type="stmt" count="0"/>
        <line num="538" type="stmt" count="0"/>
        <line num="539" type="stmt" count="0"/>
        <line num="540" type="stmt" count="0"/>
        <line num="541" type="stmt" count="0"/>
        <line num="548" type="method" name="preflight_checks" visibility="protected" complexity="3" crap="12" count="0"/>
        <line num="549" type="stmt" count="0"/>
        <line num="551" type="stmt" count="0"/>
        <line num="552" type="stmt" count="0"/>
        <line num="554" type="stmt" count="0"/>
        <line num="555" type="stmt" count="0"/>
        <line num="557" type="stmt" count="0"/>
        <line num="558" type="stmt" count="0"/>
        <line num="559" type="stmt" count="0"/>
        <line num="560" type="stmt" count="0"/>
        <line num="561" type="stmt" count="0"/>
        <line num="572" type="method" name="_remap" visibility="public" complexity="35" crap="1260" count="0"/>
        <line num="573" type="stmt" count="0"/>
        <line num="575" type="stmt" count="0"/>
        <line num="576" type="stmt" count="0"/>
        <line num="577" type="stmt" count="0"/>
        <line num="578" type="stmt" count="0"/>
        <line num="579" type="stmt" count="0"/>
        <line num="580" type="stmt" count="0"/>
        <line num="581" type="stmt" count="0"/>
        <line num="583" type="stmt" count="0"/>
        <line num="584" type="stmt" count="0"/>
        <line num="586" type="stmt" count="0"/>
        <line num="587" type="stmt" count="0"/>
        <line num="588" type="stmt" count="0"/>
        <line num="589" type="stmt" count="0"/>
        <line num="591" type="stmt" count="0"/>
        <line num="593" type="stmt" count="0"/>
        <line num="595" type="stmt" count="0"/>
        <line num="596" type="stmt" count="0"/>
        <line num="597" type="stmt" count="0"/>
        <line num="598" type="stmt" count="0"/>
        <line num="599" type="stmt" count="0"/>
        <line num="600" type="stmt" count="0"/>
        <line num="602" type="stmt" count="0"/>
        <line num="603" type="stmt" count="0"/>
        <line num="604" type="stmt" count="0"/>
        <line num="605" type="stmt" count="0"/>
        <line num="606" type="stmt" count="0"/>
        <line num="607" type="stmt" count="0"/>
        <line num="608" type="stmt" count="0"/>
        <line num="609" type="stmt" count="0"/>
        <line num="611" type="stmt" count="0"/>
        <line num="612" type="stmt" count="0"/>
        <line num="613" type="stmt" count="0"/>
        <line num="614" type="stmt" count="0"/>
        <line num="615" type="stmt" count="0"/>
        <line num="616" type="stmt" count="0"/>
        <line num="617" type="stmt" count="0"/>
        <line num="618" type="stmt" count="0"/>
        <line num="619" type="stmt" count="0"/>
        <line num="620" type="stmt" count="0"/>
        <line num="621" type="stmt" count="0"/>
        <line num="623" type="stmt" count="0"/>
        <line num="624" type="stmt" count="0"/>
        <line num="625" type="stmt" count="0"/>
        <line num="626" type="stmt" count="0"/>
        <line num="627" type="stmt" count="0"/>
        <line num="628" type="stmt" count="0"/>
        <line num="629" type="stmt" count="0"/>
        <line num="631" type="stmt" count="0"/>
        <line num="632" type="stmt" count="0"/>
        <line num="634" type="stmt" count="0"/>
        <line num="635" type="stmt" count="0"/>
        <line num="636" type="stmt" count="0"/>
        <line num="637" type="stmt" count="0"/>
        <line num="638" type="stmt" count="0"/>
        <line num="640" type="stmt" count="0"/>
        <line num="642" type="stmt" count="0"/>
        <line num="644" type="stmt" count="0"/>
        <line num="645" type="stmt" count="0"/>
        <line num="646" type="stmt" count="0"/>
        <line num="647" type="stmt" count="0"/>
        <line num="648" type="stmt" count="0"/>
        <line num="649" type="stmt" count="0"/>
        <line num="651" type="stmt" count="0"/>
        <line num="652" type="stmt" count="0"/>
        <line num="653" type="stmt" count="0"/>
        <line num="654" type="stmt" count="0"/>
        <line num="656" type="stmt" count="0"/>
        <line num="657" type="stmt" count="0"/>
        <line num="658" type="stmt" count="0"/>
        <line num="659" type="stmt" count="0"/>
        <line num="660" type="stmt" count="0"/>
        <line num="662" type="stmt" count="0"/>
        <line num="663" type="stmt" count="0"/>
        <line num="664" type="stmt" count="0"/>
        <line num="665" type="stmt" count="0"/>
        <line num="667" type="stmt" count="0"/>
        <line num="668" type="stmt" count="0"/>
        <line num="669" type="stmt" count="0"/>
        <line num="670" type="stmt" count="0"/>
        <line num="671" type="stmt" count="0"/>
        <line num="672" type="stmt" count="0"/>
        <line num="673" type="stmt" count="0"/>
        <line num="674" type="stmt" count="0"/>
        <line num="675" type="stmt" count="0"/>
        <line num="676" type="stmt" count="0"/>
        <line num="677" type="stmt" count="0"/>
        <line num="679" type="stmt" count="0"/>
        <line num="680" type="stmt" count="0"/>
        <line num="681" type="stmt" count="0"/>
        <line num="682" type="stmt" count="0"/>
        <line num="692" type="method" name="response" visibility="public" complexity="13" crap="182" count="0"/>
        <line num="693" type="stmt" count="0"/>
        <line num="695" type="stmt" count="0"/>
        <line num="696" type="stmt" count="0"/>
        <line num="697" type="stmt" count="0"/>
        <line num="699" type="stmt" count="0"/>
        <line num="700" type="stmt" count="0"/>
        <line num="702" type="stmt" count="0"/>
        <line num="703" type="stmt" count="0"/>
        <line num="705" type="stmt" count="0"/>
        <line num="707" type="stmt" count="0"/>
        <line num="708" type="stmt" count="0"/>
        <line num="709" type="stmt" count="0"/>
        <line num="710" type="stmt" count="0"/>
        <line num="712" type="stmt" count="0"/>
        <line num="713" type="stmt" count="0"/>
        <line num="715" type="stmt" count="0"/>
        <line num="716" type="stmt" count="0"/>
        <line num="718" type="stmt" count="0"/>
        <line num="719" type="stmt" count="0"/>
        <line num="722" type="stmt" count="0"/>
        <line num="723" type="stmt" count="0"/>
        <line num="724" type="stmt" count="0"/>
        <line num="725" type="stmt" count="0"/>
        <line num="726" type="stmt" count="0"/>
        <line num="727" type="stmt" count="0"/>
        <line num="728" type="stmt" count="0"/>
        <line num="730" type="stmt" count="0"/>
        <line num="731" type="stmt" count="0"/>
        <line num="732" type="stmt" count="0"/>
        <line num="733" type="stmt" count="0"/>
        <line num="735" type="stmt" count="0"/>
        <line num="736" type="stmt" count="0"/>
        <line num="737" type="stmt" count="0"/>
        <line num="741" type="stmt" count="0"/>
        <line num="742" type="stmt" count="0"/>
        <line num="744" type="stmt" count="0"/>
        <line num="745" type="stmt" count="0"/>
        <line num="746" type="stmt" count="0"/>
        <line num="747" type="stmt" count="0"/>
        <line num="749" type="stmt" count="0"/>
        <line num="750" type="stmt" count="0"/>
        <line num="751" type="stmt" count="0"/>
        <line num="753" type="stmt" count="0"/>
        <line num="754" type="stmt" count="0"/>
        <line num="755" type="stmt" count="0"/>
        <line num="756" type="stmt" count="0"/>
        <line num="757" type="stmt" count="0"/>
        <line num="758" type="stmt" count="0"/>
        <line num="759" type="stmt" count="0"/>
        <line num="761" type="stmt" count="0"/>
        <line num="762" type="stmt" count="0"/>
        <line num="763" type="stmt" count="0"/>
        <line num="764" type="stmt" count="0"/>
        <line num="765" type="stmt" count="0"/>
        <line num="776" type="method" name="set_response" visibility="public" complexity="1" crap="2" count="0"/>
        <line num="777" type="stmt" count="0"/>
        <line num="778" type="stmt" count="0"/>
        <line num="779" type="stmt" count="0"/>
        <line num="786" type="method" name="_detect_input_format" visibility="protected" complexity="5" crap="30" count="0"/>
        <line num="787" type="stmt" count="0"/>
        <line num="789" type="stmt" count="0"/>
        <line num="790" type="stmt" count="0"/>
        <line num="791" type="stmt" count="0"/>
        <line num="794" type="stmt" count="0"/>
        <line num="796" type="stmt" count="0"/>
        <line num="797" type="stmt" count="0"/>
        <line num="801" type="stmt" count="0"/>
        <line num="802" type="stmt" count="0"/>
        <line num="803" type="stmt" count="0"/>
        <line num="804" type="stmt" count="0"/>
        <line num="805" type="stmt" count="0"/>
        <line num="806" type="stmt" count="0"/>
        <line num="807" type="stmt" count="0"/>
        <line num="808" type="stmt" count="0"/>
        <line num="817" type="method" name="_get_default_output_format" visibility="protected" complexity="2" crap="6" count="0"/>
        <line num="818" type="stmt" count="0"/>
        <line num="819" type="stmt" count="0"/>
        <line num="820" type="stmt" count="0"/>
        <line num="821" type="stmt" count="0"/>
        <line num="828" type="method" name="_detect_output_format" visibility="protected" complexity="15" crap="240" count="0"/>
        <line num="829" type="stmt" count="0"/>
        <line num="831" type="stmt" count="0"/>
        <line num="832" type="stmt" count="0"/>
        <line num="834" type="stmt" count="0"/>
        <line num="835" type="stmt" count="0"/>
        <line num="836" type="stmt" count="0"/>
        <line num="837" type="stmt" count="0"/>
        <line num="839" type="stmt" count="0"/>
        <line num="840" type="stmt" count="0"/>
        <line num="841" type="stmt" count="0"/>
        <line num="842" type="stmt" count="0"/>
        <line num="843" type="stmt" count="0"/>
        <line num="844" type="stmt" count="0"/>
        <line num="845" type="stmt" count="0"/>
        <line num="846" type="stmt" count="0"/>
        <line num="848" type="stmt" count="0"/>
        <line num="850" type="stmt" count="0"/>
        <line num="851" type="stmt" count="0"/>
        <line num="853" type="stmt" count="0"/>
        <line num="854" type="stmt" count="0"/>
        <line num="856" type="stmt" count="0"/>
        <line num="857" type="stmt" count="0"/>
        <line num="858" type="stmt" count="0"/>
        <line num="859" type="stmt" count="0"/>
        <line num="861" type="stmt" count="0"/>
        <line num="862" type="stmt" count="0"/>
        <line num="863" type="stmt" count="0"/>
        <line num="864" type="stmt" count="0"/>
        <line num="867" type="stmt" count="0"/>
        <line num="868" type="stmt" count="0"/>
        <line num="869" type="stmt" count="0"/>
        <line num="870" type="stmt" count="0"/>
        <line num="872" type="stmt" count="0"/>
        <line num="873" type="stmt" count="0"/>
        <line num="874" type="stmt" count="0"/>
        <line num="875" type="stmt" count="0"/>
        <line num="876" type="stmt" count="0"/>
        <line num="878" type="stmt" count="0"/>
        <line num="879" type="stmt" count="0"/>
        <line num="880" type="stmt" count="0"/>
        <line num="881" type="stmt" count="0"/>
        <line num="883" type="stmt" count="0"/>
        <line num="884" type="stmt" count="0"/>
        <line num="891" type="method" name="_detect_method" visibility="protected" complexity="6" crap="42" count="0"/>
        <line num="892" type="stmt" count="0"/>
        <line num="894" type="stmt" count="0"/>
        <line num="896" type="stmt" count="0"/>
        <line num="897" type="stmt" count="0"/>
        <line num="898" type="stmt" count="0"/>
        <line num="899" type="stmt" count="0"/>
        <line num="900" type="stmt" count="0"/>
        <line num="901" type="stmt" count="0"/>
        <line num="902" type="stmt" count="0"/>
        <line num="903" type="stmt" count="0"/>
        <line num="904" type="stmt" count="0"/>
        <line num="905" type="stmt" count="0"/>
        <line num="906" type="stmt" count="0"/>
        <line num="908" type="stmt" count="0"/>
        <line num="909" type="stmt" count="0"/>
        <line num="910" type="stmt" count="0"/>
        <line num="911" type="stmt" count="0"/>
        <line num="918" type="method" name="_detect_api_key" visibility="protected" complexity="11" crap="132" count="0"/>
        <line num="919" type="stmt" count="0"/>
        <line num="921" type="stmt" count="0"/>
        <line num="923" type="stmt" count="0"/>
        <line num="924" type="stmt" count="0"/>
        <line num="925" type="stmt" count="0"/>
        <line num="926" type="stmt" count="0"/>
        <line num="927" type="stmt" count="0"/>
        <line num="929" type="stmt" count="0"/>
        <line num="930" type="stmt" count="0"/>
        <line num="931" type="stmt" count="0"/>
        <line num="932" type="stmt" count="0"/>
        <line num="933" type="stmt" count="0"/>
        <line num="934" type="stmt" count="0"/>
        <line num="935" type="stmt" count="0"/>
        <line num="936" type="stmt" count="0"/>
        <line num="937" type="stmt" count="0"/>
        <line num="938" type="stmt" count="0"/>
        <line num="939" type="stmt" count="0"/>
        <line num="944" type="stmt" count="0"/>
        <line num="945" type="stmt" count="0"/>
        <line num="947" type="stmt" count="0"/>
        <line num="948" type="stmt" count="0"/>
        <line num="950" type="stmt" count="0"/>
        <line num="951" type="stmt" count="0"/>
        <line num="952" type="stmt" count="0"/>
        <line num="953" type="stmt" count="0"/>
        <line num="954" type="stmt" count="0"/>
        <line num="955" type="stmt" count="0"/>
        <line num="956" type="stmt" count="0"/>
        <line num="958" type="stmt" count="0"/>
        <line num="959" type="stmt" count="0"/>
        <line num="960" type="stmt" count="0"/>
        <line num="961" type="stmt" count="0"/>
        <line num="962" type="stmt" count="0"/>
        <line num="963" type="stmt" count="0"/>
        <line num="964" type="stmt" count="0"/>
        <line num="965" type="stmt" count="0"/>
        <line num="967" type="stmt" count="0"/>
        <line num="968" type="stmt" count="0"/>
        <line num="969" type="stmt" count="0"/>
        <line num="970" type="stmt" count="0"/>
        <line num="971" type="stmt" count="0"/>
        <line num="973" type="stmt" count="0"/>
        <line num="974" type="stmt" count="0"/>
        <line num="981" type="method" name="_detect_lang" visibility="protected" complexity="4" crap="20" count="0"/>
        <line num="982" type="stmt" count="0"/>
        <line num="983" type="stmt" count="0"/>
        <line num="984" type="stmt" count="0"/>
        <line num="985" type="stmt" count="0"/>
        <line num="986" type="stmt" count="0"/>
        <line num="987" type="stmt" count="0"/>
        <line num="989" type="stmt" count="0"/>
        <line num="990" type="stmt" count="0"/>
        <line num="991" type="stmt" count="0"/>
        <line num="992" type="stmt" count="0"/>
        <line num="993" type="stmt" count="0"/>
        <line num="994" type="stmt" count="0"/>
        <line num="996" type="stmt" count="0"/>
        <line num="997" type="stmt" count="0"/>
        <line num="998" type="stmt" count="0"/>
        <line num="999" type="stmt" count="0"/>
        <line num="1000" type="stmt" count="0"/>
        <line num="1002" type="stmt" count="0"/>
        <line num="1003" type="stmt" count="0"/>
        <line num="1011" type="method" name="_log_request" visibility="protected" complexity="4" crap="20" count="0"/>
        <line num="1012" type="stmt" count="0"/>
        <line num="1014" type="stmt" count="0"/>
        <line num="1015" type="stmt" count="0"/>
        <line num="1016" type="stmt" count="0"/>
        <line num="1017" type="stmt" count="0"/>
        <line num="1018" type="stmt" count="0"/>
        <line num="1019" type="stmt" count="0"/>
        <line num="1020" type="stmt" count="0"/>
        <line num="1021" type="stmt" count="0"/>
        <line num="1022" type="stmt" count="0"/>
        <line num="1023" type="stmt" count="0"/>
        <line num="1024" type="stmt" count="0"/>
        <line num="1026" type="stmt" count="0"/>
        <line num="1027" type="stmt" count="0"/>
        <line num="1028" type="stmt" count="0"/>
        <line num="1036" type="method" name="_check_limit" visibility="protected" complexity="13" crap="182" count="0"/>
        <line num="1037" type="stmt" count="0"/>
        <line num="1039" type="stmt" count="0"/>
        <line num="1040" type="stmt" count="0"/>
        <line num="1042" type="stmt" count="0"/>
        <line num="1043" type="stmt" count="0"/>
        <line num="1044" type="stmt" count="0"/>
        <line num="1045" type="stmt" count="0"/>
        <line num="1046" type="stmt" count="0"/>
        <line num="1047" type="stmt" count="0"/>
        <line num="1048" type="stmt" count="0"/>
        <line num="1049" type="stmt" count="0"/>
        <line num="1050" type="stmt" count="0"/>
        <line num="1051" type="stmt" count="0"/>
        <line num="1052" type="stmt" count="0"/>
        <line num="1053" type="stmt" count="0"/>
        <line num="1054" type="stmt" count="0"/>
        <line num="1055" type="stmt" count="0"/>
        <line num="1056" type="stmt" count="0"/>
        <line num="1057" type="stmt" count="0"/>
        <line num="1058" type="stmt" count="0"/>
        <line num="1059" type="stmt" count="0"/>
        <line num="1060" type="stmt" count="0"/>
        <line num="1061" type="stmt" count="0"/>
        <line num="1062" type="stmt" count="0"/>
        <line num="1063" type="stmt" count="0"/>
        <line num="1064" type="stmt" count="0"/>
        <line num="1065" type="stmt" count="0"/>
        <line num="1066" type="stmt" count="0"/>
        <line num="1067" type="stmt" count="0"/>
        <line num="1068" type="stmt" count="0"/>
        <line num="1070" type="stmt" count="0"/>
        <line num="1071" type="stmt" count="0"/>
        <line num="1073" type="stmt" count="0"/>
        <line num="1074" type="stmt" count="0"/>
        <line num="1076" type="stmt" count="0"/>
        <line num="1077" type="stmt" count="0"/>
        <line num="1078" type="stmt" count="0"/>
        <line num="1079" type="stmt" count="0"/>
        <line num="1080" type="stmt" count="0"/>
        <line num="1082" type="stmt" count="0"/>
        <line num="1083" type="stmt" count="0"/>
        <line num="1085" type="stmt" count="0"/>
        <line num="1086" type="stmt" count="0"/>
        <line num="1087" type="stmt" count="0"/>
        <line num="1088" type="stmt" count="0"/>
        <line num="1089" type="stmt" count="0"/>
        <line num="1090" type="stmt" count="0"/>
        <line num="1091" type="stmt" count="0"/>
        <line num="1093" type="stmt" count="0"/>
        <line num="1094" type="stmt" count="0"/>
        <line num="1096" type="stmt" count="0"/>
        <line num="1097" type="stmt" count="0"/>
        <line num="1098" type="stmt" count="0"/>
        <line num="1099" type="stmt" count="0"/>
        <line num="1100" type="stmt" count="0"/>
        <line num="1101" type="stmt" count="0"/>
        <line num="1102" type="stmt" count="0"/>
        <line num="1104" type="stmt" count="0"/>
        <line num="1105" type="stmt" count="0"/>
        <line num="1107" type="stmt" count="0"/>
        <line num="1108" type="stmt" count="0"/>
        <line num="1109" type="stmt" count="0"/>
        <line num="1110" type="stmt" count="0"/>
        <line num="1112" type="stmt" count="0"/>
        <line num="1113" type="stmt" count="0"/>
        <line num="1114" type="stmt" count="0"/>
        <line num="1115" type="stmt" count="0"/>
        <line num="1116" type="stmt" count="0"/>
        <line num="1117" type="stmt" count="0"/>
        <line num="1118" type="stmt" count="0"/>
        <line num="1119" type="stmt" count="0"/>
        <line num="1126" type="method" name="_auth_override_check" visibility="protected" complexity="27" crap="756" count="0"/>
        <line num="1127" type="stmt" count="0"/>
        <line num="1129" type="stmt" count="0"/>
        <line num="1131" type="stmt" count="0"/>
        <line num="1132" type="stmt" count="0"/>
        <line num="1134" type="stmt" count="0"/>
        <line num="1135" type="stmt" count="0"/>
        <line num="1137" type="stmt" count="0"/>
        <line num="1138" type="stmt" count="0"/>
        <line num="1139" type="stmt" count="0"/>
        <line num="1140" type="stmt" count="0"/>
        <line num="1142" type="stmt" count="0"/>
        <line num="1143" type="stmt" count="0"/>
        <line num="1144" type="stmt" count="0"/>
        <line num="1145" type="stmt" count="0"/>
        <line num="1146" type="stmt" count="0"/>
        <line num="1148" type="stmt" count="0"/>
        <line num="1149" type="stmt" count="0"/>
        <line num="1150" type="stmt" count="0"/>
        <line num="1151" type="stmt" count="0"/>
        <line num="1152" type="stmt" count="0"/>
        <line num="1154" type="stmt" count="0"/>
        <line num="1155" type="stmt" count="0"/>
        <line num="1156" type="stmt" count="0"/>
        <line num="1157" type="stmt" count="0"/>
        <line num="1158" type="stmt" count="0"/>
        <line num="1160" type="stmt" count="0"/>
        <line num="1161" type="stmt" count="0"/>
        <line num="1162" type="stmt" count="0"/>
        <line num="1163" type="stmt" count="0"/>
        <line num="1164" type="stmt" count="0"/>
        <line num="1165" type="stmt" count="0"/>
        <line num="1167" type="stmt" count="0"/>
        <line num="1168" type="stmt" count="0"/>
        <line num="1170" type="stmt" count="0"/>
        <line num="1171" type="stmt" count="0"/>
        <line num="1172" type="stmt" count="0"/>
        <line num="1173" type="stmt" count="0"/>
        <line num="1175" type="stmt" count="0"/>
        <line num="1176" type="stmt" count="0"/>
        <line num="1177" type="stmt" count="0"/>
        <line num="1178" type="stmt" count="0"/>
        <line num="1179" type="stmt" count="0"/>
        <line num="1181" type="stmt" count="0"/>
        <line num="1182" type="stmt" count="0"/>
        <line num="1183" type="stmt" count="0"/>
        <line num="1184" type="stmt" count="0"/>
        <line num="1185" type="stmt" count="0"/>
        <line num="1187" type="stmt" count="0"/>
        <line num="1188" type="stmt" count="0"/>
        <line num="1189" type="stmt" count="0"/>
        <line num="1190" type="stmt" count="0"/>
        <line num="1191" type="stmt" count="0"/>
        <line num="1193" type="stmt" count="0"/>
        <line num="1194" type="stmt" count="0"/>
        <line num="1195" type="stmt" count="0"/>
        <line num="1196" type="stmt" count="0"/>
        <line num="1197" type="stmt" count="0"/>
        <line num="1198" type="stmt" count="0"/>
        <line num="1199" type="stmt" count="0"/>
        <line num="1201" type="stmt" count="0"/>
        <line num="1203" type="stmt" count="0"/>
        <line num="1204" type="stmt" count="0"/>
        <line num="1206" type="stmt" count="0"/>
        <line num="1207" type="stmt" count="0"/>
        <line num="1209" type="stmt" count="0"/>
        <line num="1210" type="stmt" count="0"/>
        <line num="1211" type="stmt" count="0"/>
        <line num="1212" type="stmt" count="0"/>
        <line num="1214" type="stmt" count="0"/>
        <line num="1215" type="stmt" count="0"/>
        <line num="1216" type="stmt" count="0"/>
        <line num="1217" type="stmt" count="0"/>
        <line num="1218" type="stmt" count="0"/>
        <line num="1220" type="stmt" count="0"/>
        <line num="1221" type="stmt" count="0"/>
        <line num="1222" type="stmt" count="0"/>
        <line num="1223" type="stmt" count="0"/>
        <line num="1224" type="stmt" count="0"/>
        <line num="1226" type="stmt" count="0"/>
        <line num="1227" type="stmt" count="0"/>
        <line num="1228" type="stmt" count="0"/>
        <line num="1229" type="stmt" count="0"/>
        <line num="1230" type="stmt" count="0"/>
        <line num="1232" type="stmt" count="0"/>
        <line num="1233" type="stmt" count="0"/>
        <line num="1234" type="stmt" count="0"/>
        <line num="1235" type="stmt" count="0"/>
        <line num="1236" type="stmt" count="0"/>
        <line num="1237" type="stmt" count="0"/>
        <line num="1239" type="stmt" count="0"/>
        <line num="1240" type="stmt" count="0"/>
        <line num="1242" type="stmt" count="0"/>
        <line num="1243" type="stmt" count="0"/>
        <line num="1244" type="stmt" count="0"/>
        <line num="1245" type="stmt" count="0"/>
        <line num="1247" type="stmt" count="0"/>
        <line num="1248" type="stmt" count="0"/>
        <line num="1249" type="stmt" count="0"/>
        <line num="1250" type="stmt" count="0"/>
        <line num="1251" type="stmt" count="0"/>
        <line num="1253" type="stmt" count="0"/>
        <line num="1254" type="stmt" count="0"/>
        <line num="1255" type="stmt" count="0"/>
        <line num="1256" type="stmt" count="0"/>
        <line num="1257" type="stmt" count="0"/>
        <line num="1259" type="stmt" count="0"/>
        <line num="1260" type="stmt" count="0"/>
        <line num="1261" type="stmt" count="0"/>
        <line num="1262" type="stmt" count="0"/>
        <line num="1263" type="stmt" count="0"/>
        <line num="1265" type="stmt" count="0"/>
        <line num="1266" type="stmt" count="0"/>
        <line num="1267" type="stmt" count="0"/>
        <line num="1268" type="stmt" count="0"/>
        <line num="1269" type="stmt" count="0"/>
        <line num="1270" type="stmt" count="0"/>
        <line num="1271" type="stmt" count="0"/>
        <line num="1272" type="stmt" count="0"/>
        <line num="1273" type="stmt" count="0"/>
        <line num="1280" type="method" name="_parse_get" visibility="protected" complexity="1" crap="2" count="0"/>
        <line num="1281" type="stmt" count="0"/>
        <line num="1283" type="stmt" count="0"/>
        <line num="1284" type="stmt" count="0"/>
        <line num="1291" type="method" name="_parse_post" visibility="protected" complexity="2" crap="6" count="0"/>
        <line num="1292" type="stmt" count="0"/>
        <line num="1293" type="stmt" count="0"/>
        <line num="1294" type="stmt" count="0"/>
        <line num="1295" type="stmt" count="0"/>
        <line num="1296" type="stmt" count="0"/>
        <line num="1297" type="stmt" count="0"/>
        <line num="1298" type="stmt" count="0"/>
        <line num="1305" type="method" name="_parse_put" visibility="protected" complexity="4" crap="20" count="0"/>
        <line num="1306" type="stmt" count="0"/>
        <line num="1307" type="stmt" count="0"/>
        <line num="1308" type="stmt" count="0"/>
        <line num="1309" type="stmt" count="0"/>
        <line num="1310" type="stmt" count="0"/>
        <line num="1311" type="stmt" count="0"/>
        <line num="1312" type="stmt" count="0"/>
        <line num="1313" type="stmt" count="0"/>
        <line num="1314" type="stmt" count="0"/>
        <line num="1315" type="stmt" count="0"/>
        <line num="1316" type="stmt" count="0"/>
        <line num="1318" type="stmt" count="0"/>
        <line num="1319" type="stmt" count="0"/>
        <line num="1320" type="stmt" count="0"/>
        <line num="1327" type="method" name="_parse_head" visibility="protected" complexity="1" crap="2" count="0"/>
        <line num="1328" type="stmt" count="0"/>
        <line num="1330" type="stmt" count="0"/>
        <line num="1332" type="stmt" count="0"/>
        <line num="1333" type="stmt" count="0"/>
        <line num="1340" type="method" name="_parse_options" visibility="protected" complexity="1" crap="2" count="0"/>
        <line num="1341" type="stmt" count="0"/>
        <line num="1343" type="stmt" count="0"/>
        <line num="1345" type="stmt" count="0"/>
        <line num="1346" type="stmt" count="0"/>
        <line num="1353" type="method" name="_parse_patch" visibility="protected" complexity="3" crap="12" count="0"/>
        <line num="1354" type="stmt" count="0"/>
        <line num="1356" type="stmt" count="0"/>
        <line num="1357" type="stmt" count="0"/>
        <line num="1358" type="stmt" count="0"/>
        <line num="1359" type="stmt" count="0"/>
        <line num="1360" type="stmt" count="0"/>
        <line num="1361" type="stmt" count="0"/>
        <line num="1363" type="stmt" count="0"/>
        <line num="1364" type="stmt" count="0"/>
        <line num="1365" type="stmt" count="0"/>
        <line num="1372" type="method" name="_parse_delete" visibility="protected" complexity="2" crap="6" count="0"/>
        <line num="1373" type="stmt" count="0"/>
        <line num="1375" type="stmt" count="0"/>
        <line num="1376" type="stmt" count="0"/>
        <line num="1377" type="stmt" count="0"/>
        <line num="1378" type="stmt" count="0"/>
        <line num="1379" type="stmt" count="0"/>
        <line num="1386" type="method" name="_parse_query" visibility="protected" complexity="1" crap="2" count="0"/>
        <line num="1387" type="stmt" count="0"/>
        <line num="1388" type="stmt" count="0"/>
        <line num="1389" type="stmt" count="0"/>
        <line num="1400" type="method" name="get" visibility="public" complexity="3" crap="12" count="0"/>
        <line num="1401" type="stmt" count="0"/>
        <line num="1402" type="stmt" count="0"/>
        <line num="1403" type="stmt" count="0"/>
        <line num="1404" type="stmt" count="0"/>
        <line num="1405" type="stmt" count="0"/>
        <line num="1406" type="stmt" count="0"/>
        <line num="1407" type="stmt" count="0"/>
        <line num="1417" type="method" name="options" visibility="public" complexity="3" crap="12" count="0"/>
        <line num="1418" type="stmt" count="0"/>
        <line num="1419" type="stmt" count="0"/>
        <line num="1420" type="stmt" count="0"/>
        <line num="1421" type="stmt" count="0"/>
        <line num="1422" type="stmt" count="0"/>
        <line num="1423" type="stmt" count="0"/>
        <line num="1424" type="stmt" count="0"/>
        <line num="1434" type="method" name="head" visibility="public" complexity="3" crap="12" count="0"/>
        <line num="1435" type="stmt" count="0"/>
        <line num="1436" type="stmt" count="0"/>
        <line num="1437" type="stmt" count="0"/>
        <line num="1438" type="stmt" count="0"/>
        <line num="1439" type="stmt" count="0"/>
        <line num="1440" type="stmt" count="0"/>
        <line num="1441" type="stmt" count="0"/>
        <line num="1451" type="method" name="post" visibility="public" complexity="3" crap="12" count="0"/>
        <line num="1452" type="stmt" count="0"/>
        <line num="1453" type="stmt" count="0"/>
        <line num="1454" type="stmt" count="0"/>
        <line num="1455" type="stmt" count="0"/>
        <line num="1456" type="stmt" count="0"/>
        <line num="1457" type="stmt" count="0"/>
        <line num="1458" type="stmt" count="0"/>
        <line num="1468" type="method" name="put" visibility="public" complexity="3" crap="12" count="0"/>
        <line num="1469" type="stmt" count="0"/>
        <line num="1470" type="stmt" count="0"/>
        <line num="1471" type="stmt" count="0"/>
        <line num="1472" type="stmt" count="0"/>
        <line num="1473" type="stmt" count="0"/>
        <line num="1474" type="stmt" count="0"/>
        <line num="1475" type="stmt" count="0"/>
        <line num="1485" type="method" name="delete" visibility="public" complexity="3" crap="12" count="0"/>
        <line num="1486" type="stmt" count="0"/>
        <line num="1487" type="stmt" count="0"/>
        <line num="1488" type="stmt" count="0"/>
        <line num="1489" type="stmt" count="0"/>
        <line num="1490" type="stmt" count="0"/>
        <line num="1491" type="stmt" count="0"/>
        <line num="1492" type="stmt" count="0"/>
        <line num="1502" type="method" name="patch" visibility="public" complexity="3" crap="12" count="0"/>
        <line num="1503" type="stmt" count="0"/>
        <line num="1504" type="stmt" count="0"/>
        <line num="1505" type="stmt" count="0"/>
        <line num="1506" type="stmt" count="0"/>
        <line num="1507" type="stmt" count="0"/>
        <line num="1508" type="stmt" count="0"/>
        <line num="1509" type="stmt" count="0"/>
        <line num="1519" type="method" name="query" visibility="public" complexity="3" crap="12" count="0"/>
        <line num="1520" type="stmt" count="0"/>
        <line num="1521" type="stmt" count="0"/>
        <line num="1522" type="stmt" count="0"/>
        <line num="1523" type="stmt" count="0"/>
        <line num="1524" type="stmt" count="0"/>
        <line num="1525" type="stmt" count="0"/>
        <line num="1526" type="stmt" count="0"/>
        <line num="1536" type="method" name="_xss_clean" visibility="protected" complexity="3" crap="12" count="0"/>
        <line num="1537" type="stmt" count="0"/>
        <line num="1538" type="stmt" count="0"/>
        <line num="1539" type="stmt" count="0"/>
        <line num="1540" type="stmt" count="0"/>
        <line num="1547" type="method" name="validation_errors" visibility="public" complexity="1" crap="2" count="0"/>
        <line num="1548" type="stmt" count="0"/>
        <line num="1549" type="stmt" count="0"/>
        <line num="1550" type="stmt" count="0"/>
        <line num="1551" type="stmt" count="0"/>
        <line num="1561" type="method" name="_perform_ldap_auth" visibility="protected" complexity="10" crap="110" count="0"/>
        <line num="1562" type="stmt" count="0"/>
        <line num="1563" type="stmt" count="0"/>
        <line num="1564" type="stmt" count="0"/>
        <line num="1565" type="stmt" count="0"/>
        <line num="1566" type="stmt" count="0"/>
        <line num="1567" type="stmt" count="0"/>
        <line num="1568" type="stmt" count="0"/>
        <line num="1569" type="stmt" count="0"/>
        <line num="1570" type="stmt" count="0"/>
        <line num="1571" type="stmt" count="0"/>
        <line num="1572" type="stmt" count="0"/>
        <line num="1573" type="stmt" count="0"/>
        <line num="1574" type="stmt" count="0"/>
        <line num="1575" type="stmt" count="0"/>
        <line num="1576" type="stmt" count="0"/>
        <line num="1577" type="stmt" count="0"/>
        <line num="1578" type="stmt" count="0"/>
        <line num="1580" type="stmt" count="0"/>
        <line num="1581" type="stmt" count="0"/>
        <line num="1582" type="stmt" count="0"/>
        <line num="1583" type="stmt" count="0"/>
        <line num="1584" type="stmt" count="0"/>
        <line num="1585" type="stmt" count="0"/>
        <line num="1587" type="stmt" count="0"/>
        <line num="1589" type="stmt" count="0"/>
        <line num="1590" type="stmt" count="0"/>
        <line num="1591" type="stmt" count="0"/>
        <line num="1592" type="stmt" count="0"/>
        <line num="1593" type="stmt" count="0"/>
        <line num="1594" type="stmt" count="0"/>
        <line num="1595" type="stmt" count="0"/>
        <line num="1597" type="stmt" count="0"/>
        <line num="1598" type="stmt" count="0"/>
        <line num="1599" type="stmt" count="0"/>
        <line num="1600" type="stmt" count="0"/>
        <line num="1601" type="stmt" count="0"/>
        <line num="1602" type="stmt" count="0"/>
        <line num="1603" type="stmt" count="0"/>
        <line num="1604" type="stmt" count="0"/>
        <line num="1605" type="stmt" count="0"/>
        <line num="1606" type="stmt" count="0"/>
        <line num="1607" type="stmt" count="0"/>
        <line num="1608" type="stmt" count="0"/>
        <line num="1609" type="stmt" count="0"/>
        <line num="1610" type="stmt" count="0"/>
        <line num="1611" type="stmt" count="0"/>
        <line num="1612" type="stmt" count="0"/>
        <line num="1613" type="stmt" count="0"/>
        <line num="1614" type="stmt" count="0"/>
        <line num="1615" type="stmt" count="0"/>
        <line num="1616" type="stmt" count="0"/>
        <line num="1618" type="stmt" count="0"/>
        <line num="1619" type="stmt" count="0"/>
        <line num="1620" type="stmt" count="0"/>
        <line num="1621" type="stmt" count="0"/>
        <line num="1622" type="stmt" count="0"/>
        <line num="1623" type="stmt" count="0"/>
        <line num="1624" type="stmt" count="0"/>
        <line num="1625" type="stmt" count="0"/>
        <line num="1626" type="stmt" count="0"/>
        <line num="1627" type="stmt" count="0"/>
        <line num="1636" type="method" name="_perform_library_auth" visibility="protected" complexity="5" crap="30" count="0"/>
        <line num="1637" type="stmt" count="0"/>
        <line num="1638" type="stmt" count="0"/>
        <line num="1639" type="stmt" count="0"/>
        <line num="1640" type="stmt" count="0"/>
        <line num="1641" type="stmt" count="0"/>
        <line num="1642" type="stmt" count="0"/>
        <line num="1643" type="stmt" count="0"/>
        <line num="1644" type="stmt" count="0"/>
        <line num="1645" type="stmt" count="0"/>
        <line num="1646" type="stmt" count="0"/>
        <line num="1647" type="stmt" count="0"/>
        <line num="1648" type="stmt" count="0"/>
        <line num="1649" type="stmt" count="0"/>
        <line num="1650" type="stmt" count="0"/>
        <line num="1651" type="stmt" count="0"/>
        <line num="1652" type="stmt" count="0"/>
        <line num="1653" type="stmt" count="0"/>
        <line num="1654" type="stmt" count="0"/>
        <line num="1655" type="stmt" count="0"/>
        <line num="1656" type="stmt" count="0"/>
        <line num="1657" type="stmt" count="0"/>
        <line num="1658" type="stmt" count="0"/>
        <line num="1659" type="stmt" count="0"/>
        <line num="1660" type="stmt" count="0"/>
[...]
      <line num="20" type="stmt" count="0"/>
      <line num="21" type="stmt" count="0"/>
      <line num="22" type="stmt" count="0"/>
      <line num="23" type="stmt" count="0"/>
      <line num="24" type="stmt" count="0"/>
      <line num="25" type="stmt" count="0"/>
      <line num="26" type="stmt" count="0"/>
      <line num="33" type="method" name="find" visibility="public" complexity="1" crap="2" count="0"/>
      <line num="34" type="stmt" count="0"/>
      <line num="35" type="stmt" count="0"/>
      <line num="38" type="stmt" count="0"/>
      <line num="39" type="stmt" count="0"/>
      <line num="46" type="method" name="insert" visibility="public" complexity="1" crap="2" count="0"/>
      <line num="47" type="stmt" count="0"/>
      <line num="48" type="stmt" count="0"/>
      <line num="49" type="stmt" count="0"/>
      <line num="50" type="stmt" count="0"/>
      <line num="51" type="stmt" count="0"/>
      <line num="52" type="stmt" count="0"/>
      <line num="53" type="stmt" count="0"/>
      <line num="56" type="stmt" count="0"/>
      <line num="57" type="stmt" count="0"/>
      <line num="63" type="method" name="update" visibility="public" complexity="1" crap="2" count="0"/>
      <line num="64" type="stmt" count="0"/>
      <line num="65" type="stmt" count="0"/>
      <line num="66" type="stmt" count="0"/>
      <line num="67" type="stmt" count="0"/>
      <line num="68" type="stmt" count="0"/>
      <line num="69" type="stmt" count="0"/>
      <line num="72" type="stmt" count="0"/>
      <line num="73" type="stmt" count="0"/>
      <line num="80" type="method" name="delete" visibility="public" complexity="1" crap="2" count="0"/>
      <line num="81" type="stmt" count="0"/>
      <line num="82" type="stmt" count="0"/>
      <line num="84" type="stmt" count="0"/>
      <line num="85" type="stmt" count="0"/>
      <line num="92" type="method" name="queryRun" visibility="public" complexity="2" crap="6" count="0"/>
      <line num="93" type="stmt" count="0"/>
      <line num="95" type="stmt" count="0"/>
      <line num="96" type="stmt" count="0"/>
      <line num="97" type="stmt" count="0"/>
      <line num="98" type="stmt" count="0"/>
      <line num="100" type="stmt" count="0"/>
      <metrics loc="101" ncloc="55" classes="1" methods="6" coveredmethods="0" conditionals="0" coveredconditionals="0" statements="41" coveredstatements="0" elements="47" coveredelements="0"/>
    </file>
    <file name="/var/www/html/codeigniter/application/models/RegisterModel.php">
      <class name="RegisterModel" namespace="global">
        <metrics complexity="2" methods="2" coveredmethods="0" conditionals="0" coveredconditionals="0" statements="8" coveredstatements="0" elements="10" coveredelements="0"/>
      </class>
      <line num="3" type="stmt" count="0"/>
      <line num="9" type="method" name="__construct" complexity="1" crap="2" count="0"/>
      <line num="10" type="stmt" count="0"/>
      <line num="11" type="stmt" count="0"/>
      <line num="12" type="stmt" count="0"/>
      <line num="14" type="method" name="execute" visibility="public" complexity="1" crap="2" count="0"/>
      <line num="15" type="stmt" count="0"/>
      <line num="17" type="stmt" count="0"/>
      <line num="19" type="stmt" count="0"/>
      <line num="21" type="stmt" count="0"/>
      <line num="22" type="stmt" count="0"/>
      <metrics loc="22" ncloc="15" classes="1" methods="2" coveredmethods="0" conditionals="0" coveredconditionals="0" statements="9" coveredstatements="0" elements="11" coveredelements="0"/>
    </file>
    <file name="/var/www/html/codeigniter/application/views/errors/cli/error_404.php">
      <line num="2" type="stmt" count="0"/>
      <line num="4" type="stmt" count="0"/>
      <line num="5" type="stmt" count="0"/>
      <line num="6" type="stmt" count="0"/>
      <line num="7" type="stmt" count="0"/>
      <line num="8" type="stmt" count="0"/>
      <metrics loc="7" ncloc="7" classes="0" methods="0" coveredmethods="0" conditionals="0" coveredconditionals="0" statements="5" coveredstatements="0" elements="5" coveredelements="0"/>
    </file>
    <file name="/var/www/html/codeigniter/application/views/errors/cli/error_db.php">
      <line num="2" type="stmt" count="0"/>
      <line num="4" type="stmt" count="0"/>
      <line num="5" type="stmt" count="0"/>
      <line num="6" type="stmt" count="0"/>
      <line num="7" type="stmt" count="0"/>
      <line num="8" type="stmt" count="0"/>
      <metrics loc="7" ncloc="7" classes="0" methods="0" coveredmethods="0" conditionals="0" coveredconditionals="0" statements="5" coveredstatements="0" elements="5" coveredelements="0"/>
    </file>
    <file name="/var/www/html/codeigniter/application/views/errors/cli/error_exception.php">
      <line num="3" type="stmt" count="0"/>
      <line num="12" type="stmt" count="0"/>
      <metrics loc="21" ncloc="21" classes="0" methods="0" coveredmethods="0" conditionals="0" coveredconditionals="0" statements="2" coveredstatements="0" elements="2" coveredelements="0"/>
    </file>
    <file name="/var/www/html/codeigniter/application/views/errors/cli/error_general.php">
      <line num="2" type="stmt" count="0"/>
      <line num="4" type="stmt" count="0"/>
      <line num="5" type="stmt" count="0"/>
      <line num="6" type="stmt" count="0"/>
      <line num="7" type="stmt" count="0"/>
      <line num="8" type="stmt" count="0"/>
      <metrics loc="7" ncloc="7" classes="0" methods="0" coveredmethods="0" conditionals="0" coveredconditionals="0" statements="5" coveredstatements="0" elements="5" coveredelements="0"/>
    </file>
    <file name="/var/www/html/codeigniter/application/views/errors/cli/error_php.php">
      <line num="3" type="stmt" count="0"/>
      <line num="12" type="stmt" count="0"/>
      <metrics loc="21" ncloc="21" classes="0" methods="0" coveredmethods="0" conditionals="0" coveredconditionals="0" statements="2" coveredstatements="0" elements="2" coveredelements="0"/>
    </file>
    <file name="/var/www/html/codeigniter/application/views/errors/html/error_404.php">
      <line num="2" type="stmt" count="0"/>
      <line num="4" type="stmt" count="0"/>
      <line num="5" type="stmt" count="0"/>
      <line num="6" type="stmt" count="0"/>
      <line num="7" type="stmt" count="0"/>
      <line num="8" type="stmt" count="0"/>
      <line num="10" type="stmt" count="0"/>
      <line num="11" type="stmt" count="0"/>
      <line num="13" type="stmt" count="0"/>
      <line num="14" type="stmt" count="0"/>
      <line num="15" type="stmt" count="0"/>
      <line num="16" type="stmt" count="0"/>
      <line num="17" type="stmt" count="0"/>
      <line num="18" type="stmt" count="0"/>
      <line num="20" type="stmt" count="0"/>
      <line num="21" type="stmt" count="0"/>
      <line num="22" type="stmt" count="0"/>
      <line num="23" type="stmt" count="0"/>
      <line num="24" type="stmt" count="0"/>
      <line num="26" type="stmt" count="0"/>
      <line num="27" type="stmt" count="0"/>
      <line num="28" type="stmt" count="0"/>
      <line num="29" type="stmt" count="0"/>
      <line num="30" type="stmt" count="0"/>
      <line num="31" type="stmt" count="0"/>
      <line num="32" type="stmt" count="0"/>
      <line num="33" type="stmt" count="0"/>
      <line num="34" type="stmt" count="0"/>
      <line num="36" type="stmt" count="0"/>
      <line num="37" type="stmt" count="0"/>
      <line num="38" type="stmt" count="0"/>
      <line num="39" type="stmt" count="0"/>
      <line num="40" type="stmt" count="0"/>
      <line num="41" type="stmt" count="0"/>
      <line num="42" type="stmt" count="0"/>
      <line num="43" type="stmt" count="0"/>
      <line num="44" type="stmt" count="0"/>
      <line num="45" type="stmt" count="0"/>
      <line num="47" type="stmt" count="0"/>
      <line num="48" type="stmt" count="0"/>
      <line num="49" type="stmt" count="0"/>
      <line num="50" type="stmt" count="0"/>
      <line num="51" type="stmt" count="0"/>
      <line num="53" type="stmt" count="0"/>
      <line num="54" type="stmt" count="0"/>
      <line num="55" type="stmt" count="0"/>
      <line num="56" type="stmt" count="0"/>
      <line num="57" type="stmt" count="0"/>
      <line num="58" type="stmt" count="0"/>
      <line num="59" type="stmt" count="0"/>
      <line num="62" type="stmt" count="0"/>
      <line num="63" type="stmt" count="0"/>
      <line num="64" type="stmt" count="0"/>
      <metrics loc="63" ncloc="63" classes="0" methods="0" coveredmethods="0" conditionals="0" coveredconditionals="0" statements="52" coveredstatements="0" elements="52" coveredelements="0"/>
    </file>
    <file name="/var/www/html/codeigniter/application/views/errors/html/error_db.php">
      <line num="2" type="stmt" count="0"/>
      <line num="4" type="stmt" count="0"/>
      <line num="5" type="stmt" count="0"/>
      <line num="6" type="stmt" count="0"/>
      <line num="7" type="stmt" count="0"/>
      <line num="8" type="stmt" count="0"/>
      <line num="10" type="stmt" count="0"/>
      <line num="11" type="stmt" count="0"/>
      <line num="13" type="stmt" count="0"/>
      <line num="14" type="stmt" count="0"/>
      <line num="15" type="stmt" count="0"/>
      <line num="16" type="stmt" count="0"/>
      <line num="17" type="stmt" count="0"/>
      <line num="18" type="stmt" count="0"/>
      <line num="20" type="stmt" count="0"/>
      <line num="21" type="stmt" count="0"/>
      <line num="22" type="stmt" count="0"/>
      <line num="23" type="stmt" count="0"/>
      <line num="24" type="stmt" count="0"/>
      <line num="26" type="stmt" count="0"/>
      <line num="27" type="stmt" count="0"/>
      <line num="28" type="stmt" count="0"/>
      <line num="29" type="stmt" count="0"/>
      <line num="30" type="stmt" count="0"/>
      <line num="31" type="stmt" count="0"/>
      <line num="32" type="stmt" count="0"/>
      <line num="33" type="stmt" count="0"/>
      <line num="34" type="stmt" count="0"/>
      <line num="36" type="stmt" count="0"/>
      <line num="37" type="stmt" count="0"/>
      <line num="38" type="stmt" count="0"/>
      <line num="39" type="stmt" count="0"/>
      <line num="40" type="stmt" count="0"/>
      <line num="41" type="stmt" count="0"/>
      <line num="42" type="stmt" count="0"/>
      <line num="43" type="stmt" count="0"/>
      <line num="44" type="stmt" count="0"/>
      <line num="45" type="stmt" count="0"/>
      <line num="47" type="stmt" count="0"/>
      <line num="48" type="stmt" count="0"/>
      <line num="49" type="stmt" count="0"/>
      <line num="50" type="stmt" count="0"/>
      <line num="51" type="stmt" count="0"/>
      <line num="53" type="stmt" count="0"/>
      <line num="54" type="stmt" count="0"/>
      <line num="55" type="stmt" count="0"/>
      <line num="56" type="stmt" count="0"/>
      <line num="57" type="stmt" count="0"/>
      <line num="58" type="stmt" count="0"/>
      <line num="59" type="stmt" count="0"/>
      <line num="62" type="stmt" count="0"/>
      <line num="63" type="stmt" count="0"/>
      <line num="64" type="stmt" count="0"/>
      <metrics loc="63" ncloc="63" classes="0" methods="0" coveredmethods="0" conditionals="0" coveredconditionals="0" statements="52" coveredstatements="0" elements="52" coveredelements="0"/>
    </file>
    <file name="/var/www/html/codeigniter/application/views/errors/html/error_exception.php">
      <line num="2" type="stmt" count="0"/>
      <line num="5" type="stmt" count="0"/>
      <line num="7" type="stmt" count="0"/>
      <line num="16" type="stmt" count="0"/>
      <line num="21" type="stmt" count="0"/>
      <line num="25" type="stmt" count="0"/>
      <line num="32" type="stmt" count="0"/>
      <metrics loc="31" ncloc="31" classes="0" methods="0" coveredmethods="0" conditionals="0" coveredconditionals="0" statements="6" coveredstatements="0" elements="6" coveredelements="0"/>
    </file>
    <file name="/var/www/html/codeigniter/application/views/errors/html/error_general.php">
      <line num="2" type="stmt" count="0"/>
      <line num="4" type="stmt" count="0"/>
      <line num="5" type="stmt" count="0"/>
      <line num="6" type="stmt" count="0"/>
      <line num="7" type="stmt" count="0"/>
      <line num="8" type="stmt" count="0"/>
      <line num="10" type="stmt" count="0"/>
      <line num="11" type="stmt" count="0"/>
      <line num="13" type="stmt" count="0"/>
      <line num="14" type="stmt" count="0"/>
      <line num="15" type="stmt" count="0"/>
      <line num="16" type="stmt" count="0"/>
      <line num="17" type="stmt" count="0"/>
      <line num="18" type="stmt" count="0"/>
      <line num="20" type="stmt" count="0"/>
      <line num="21" type="stmt" count="0"/>
      <line num="22" type="stmt" count="0"/>
      <line num="23" type="stmt" count="0"/>
      <line num="24" type="stmt" count="0"/>
      <line num="26" type="stmt" count="0"/>
      <line num="27" type="stmt" count="0"/>
      <line num="28" type="stmt" count="0"/>
      <line num="29" type="stmt" count="0"/>
      <line num="30" type="stmt" count="0"/>
      <line num="31" type="stmt" count="0"/>
      <line num="32" type="stmt" count="0"/>
      <line num="33" type="stmt" count="0"/>
      <line num="34" type="stmt" count="0"/>
      <line num="36" type="stmt" count="0"/>
      <line num="37" type="stmt" count="0"/>
      <line num="38" type="stmt" count="0"/>
      <line num="39" type="stmt" count="0"/>
      <line num="40" type="stmt" count="0"/>
      <line num="41" type="stmt" count="0"/>
      <line num="42" type="stmt" count="0"/>
      <line num="43" type="stmt" count="0"/>
      <line num="44" type="stmt" count="0"/>
      <line num="45" type="stmt" count="0"/>
      <line num="47" type="stmt" count="0"/>
      <line num="48" type="stmt" count="0"/>
      <line num="49" type="stmt" count="0"/>
      <line num="50" type="stmt" count="0"/>
      <line num="51" type="stmt" count="0"/>
      <line num="53" type="stmt" count="0"/>
      <line num="54" type="stmt" count="0"/>
      <line num="55" type="stmt" count="0"/>
      <line num="56" type="stmt" count="0"/>
      <line num="57" type="stmt" count="0"/>
      <line num="58" type="stmt" count="0"/>
      <line num="59" type="stmt" count="0"/>
      <line num="62" type="stmt" count="0"/>
      <line num="63" type="stmt" count="0"/>
      <line num="64" type="stmt" count="0"/>
      <metrics loc="63" ncloc="63" classes="0" methods="0" coveredmethods="0" conditionals="0" coveredconditionals="0" statements="52" coveredstatements="0" elements="52" coveredelements="0"/>
    </file>
    <file name="/var/www/html/codeigniter/application/views/errors/html/error_php.php">
      <line num="2" type="stmt" count="0"/>
      <line num="5" type="stmt" count="0"/>
      <line num="7" type="stmt" count="0"/>
      <line num="16" type="stmt" count="0"/>
      <line num="21" type="stmt" count="0"/>
      <line num="25" type="stmt" count="0"/>
      <line num="33" type="stmt" count="0"/>
      <metrics loc="32" ncloc="32" classes="0" methods="0" coveredmethods="0" conditionals="0" coveredconditionals="0" statements="6" coveredstatements="0" elements="6" coveredelements="0"/>
    </file>
    <file name="/var/www/html/codeigniter/application/views/hello_view.php">
      <line num="1" type="stmt" count="0"/>
      <line num="2" type="stmt" count="0"/>
      <line num="3" type="stmt" count="0"/>
      <line num="4" type="stmt" count="0"/>
      <line num="5" type="stmt" count="0"/>
      <line num="6" type="stmt" count="0"/>
      <line num="7" type="stmt" count="0"/>
      <line num="8" type="stmt" count="0"/>
      <line num="9" type="stmt" count="0"/>
      <line num="10" type="stmt" count="0"/>
      <line num="11" type="stmt" count="0"/>
      <line num="14" type="stmt" count="0"/>
      <metrics loc="14" ncloc="14" classes="0" methods="0" coveredmethods="0" conditionals="0" coveredconditionals="0" statements="12" coveredstatements="0" elements="12" coveredelements="0"/>
    </file>
    <file name="/var/www/html/codeigniter/application/views/index.php">
      <metrics loc="9" ncloc="-1" classes="0" methods="0" coveredmethods="0" conditionals="0" coveredconditionals="0" statements="0" coveredstatements="0" elements="0" coveredelements="0"/>
    </file>
    <file name="/var/www/html/codeigniter/application/views/welcome_message.php">
      <line num="2" type="stmt" count="0"/>
      <line num="4" type="stmt" count="0"/>
      <line num="5" type="stmt" count="0"/>
      <line num="6" type="stmt" count="0"/>
      <line num="7" type="stmt" count="0"/>
      <line num="9" type="stmt" count="0"/>
      <line num="11" type="stmt" count="0"/>
      <line num="12" type="stmt" count="0"/>
      <line num="14" type="stmt" count="0"/>
      <line num="15" type="stmt" count="0"/>
      <line num="16" type="stmt" count="0"/>
      <line num="17" type="stmt" count="0"/>
      <line num="18" type="stmt" count="0"/>
      <line num="19" type="stmt" count="0"/>
      <line num="21" type="stmt" count="0"/>
      <line num="22" type="stmt" count="0"/>
      <line num="23" type="stmt" count="0"/>
      <line num="24" type="stmt" count="0"/>
      <line num="25" type="stmt" count="0"/>
      <line num="27" type="stmt" count="0"/>
      <line num="28" type="stmt" count="0"/>
      <line num="29" type="stmt" count="0"/>
      <line num="30" type="stmt" count="0"/>
      <line num="31" type="stmt" count="0"/>
      <line num="32" type="stmt" count="0"/>
      <line num="33" type="stmt" count="0"/>
      <line num="34" type="stmt" count="0"/>
      <line num="35" type="stmt" count="0"/>
      <line num="37" type="stmt" count="0"/>
      <line num="38" type="stmt" count="0"/>
      <line num="39" type="stmt" count="0"/>
      <line num="40" type="stmt" count="0"/>
      <line num="41" type="stmt" count="0"/>
      <line num="42" type="stmt" count="0"/>
      <line num="43" type="stmt" count="0"/>
      <line num="44" type="stmt" count="0"/>
      <line num="45" type="stmt" count="0"/>
      <line num="46" type="stmt" count="0"/>
      <line num="48" type="stmt" count="0"/>
      <line num="49" type="stmt" count="0"/>
      <line num="50" type="stmt" count="0"/>
      <line num="52" type="stmt" count="0"/>
      <line num="53" type="stmt" count="0"/>
      <line num="54" type="stmt" count="0"/>
      <line num="55" type="stmt" count="0"/>
      <line num="56" type="stmt" count="0"/>
      <line num="57" type="stmt" count="0"/>
      <line num="58" type="stmt" count="0"/>
      <line num="59" type="stmt" count="0"/>
      <line num="61" type="stmt" count="0"/>
      <line num="62" type="stmt" count="0"/>
      <line num="63" type="stmt" count="0"/>
      <line num="64" type="stmt" count="0"/>
      <line num="65" type="stmt" count="0"/>
      <line num="66" type="stmt" count="0"/>
      <line num="67" type="stmt" count="0"/>
      <line num="68" type="stmt" count="0"/>
      <line num="70" type="stmt" count="0"/>
      <line num="71" type="stmt" count="0"/>
      <line num="73" type="stmt" count="0"/>
      <line num="74" type="stmt" count="0"/>
      <line num="76" type="stmt" count="0"/>
      <line num="77" type="stmt" count="0"/>
      <line num="79" type="stmt" count="0"/>
      <line num="80" type="stmt" count="0"/>
      <line num="82" type="stmt" count="0"/>
      <line num="83" type="stmt" count="0"/>
      <line num="86" type="stmt" count="0"/>
      <line num="88" type="stmt" count="0"/>
      <line num="89" type="stmt" count="0"/>
      <metrics loc="88" ncloc="88" classes="0" methods="0" coveredmethods="0" conditionals="0" coveredconditionals="0" statements="69" coveredstatements="0" elements="69" coveredelements="0"/>
    </file>
    <metrics files="321" loc="25541" ncloc="14693" classes="261" methods="969" coveredmethods="0" conditionals="0" coveredconditionals="0" statements="8981" coveredstatements="0" elements="9950" coveredelements="0"/>
  </project>
</coverage>
